Performing C SOURCE FILE Test CMAKE_HAVE_LIBC_PTHREAD failed with the following output:
Change Dir: /home/local1/Documents/B3a/build/CMakeFiles/CMakeTmp

Run Build Command(s):/bin/gmake -f Makefile cmTC_8362d/fast && /bin/gmake  -f CMakeFiles/cmTC_8362d.dir/build.make CMakeFiles/cmTC_8362d.dir/build
gmake[1]: Entering directory '/home/local1/Documents/B3a/build/CMakeFiles/CMakeTmp'
Building C object CMakeFiles/cmTC_8362d.dir/src.c.o
/bin/cc -DCMAKE_HAVE_LIBC_PTHREAD   -o CMakeFiles/cmTC_8362d.dir/src.c.o -c /home/local1/Documents/B3a/build/CMakeFiles/CMakeTmp/src.c
Linking C executable cmTC_8362d
/usr/bin/cmake -E cmake_link_script CMakeFiles/cmTC_8362d.dir/link.txt --verbose=1
/bin/cc CMakeFiles/cmTC_8362d.dir/src.c.o -o cmTC_8362d 
CMakeFiles/cmTC_8362d.dir/src.c.o: In function `main':
src.c:(.text+0x2d): undefined reference to `pthread_create'
src.c:(.text+0x39): undefined reference to `pthread_detach'
src.c:(.text+0x45): undefined reference to `pthread_cancel'
src.c:(.text+0x56): undefined reference to `pthread_join'
collect2: error: ld returned 1 exit status
gmake[1]: *** [CMakeFiles/cmTC_8362d.dir/build.make:99: cmTC_8362d] Error 1
gmake[1]: Leaving directory '/home/local1/Documents/B3a/build/CMakeFiles/CMakeTmp'
gmake: *** [Makefile:127: cmTC_8362d/fast] Error 2


Source file was:
#include <pthread.h>

static void* test_func(void* data)
{
  return data;
}

int main(void)
{
  pthread_t thread;
  pthread_create(&thread, NULL, test_func, NULL);
  pthread_detach(thread);
  pthread_cancel(thread);
  pthread_join(thread, NULL);
  pthread_atfork(NULL, NULL, NULL);
  pthread_exit(NULL);

  return 0;
}

